<?xml version="1.0" encoding="UTF-8"?>
<!-- Generated by org.testng.reporters.JUnitReportReporter -->
<testsuite hostname="DESKTOP-82UTBME" failures="0" tests="1" name="RecentlyPlayedStoreTest" time="0.009" errors="0" timestamp="2023-11-02T15:08:46 IST" skipped="0">
  <testcase classname="RecentlyPlayedStoreTest" name="testRecentlyPlayedSongs" time="0.009"/>
</testsuite> <!-- RecentlyPlayedStoreTest -->
